2026-01-21 08:47:22,694 - model_building - DEBUG - Feature data loaded from /home/demo3/RainFallPridictionModel/data/features/train_features.csv
2026-01-21 08:47:22,698 - model_building - DEBUG - Features and target separated
2026-01-21 08:47:32,235 - model_building - DEBUG - Random Forest training completed
2026-01-21 08:47:32,384 - model_building - DEBUG - Evaluation results for Random Forest:
2026-01-21 08:47:32,384 - model_building - DEBUG - Accuracy  : 1.0000
2026-01-21 08:47:32,384 - model_building - DEBUG - Precision : 1.0000
2026-01-21 08:47:32,384 - model_building - DEBUG - Recall    : 1.0000
2026-01-21 08:47:32,384 - model_building - DEBUG - F1 Score  : 1.0000
2026-01-21 08:47:33,321 - model_building - DEBUG - XGBoost training completed
2026-01-21 08:47:33,358 - model_building - DEBUG - Evaluation results for XGBoost:
2026-01-21 08:47:33,358 - model_building - DEBUG - Accuracy  : 1.0000
2026-01-21 08:47:33,359 - model_building - DEBUG - Precision : 1.0000
2026-01-21 08:47:33,359 - model_building - DEBUG - Recall    : 0.9998
2026-01-21 08:47:33,359 - model_building - DEBUG - F1 Score  : 0.9999
2026-01-21 08:47:33,425 - model_building - DEBUG - Model saved at ./models/rainfall_random_forest_model.pkl
2026-01-21 08:47:33,425 - model_building - DEBUG - Random Forest selected as final model
2026-01-21 08:47:33,425 - model_building - DEBUG - Model building pipeline completed successfully
2026-01-21 08:55:07,729 - model_building - DEBUG - Feature data loaded from /home/demo3/RainFallPridictionModel/data/features/train_features.csv
2026-01-21 08:55:07,733 - model_building - DEBUG - Features and target separated
2026-01-21 08:55:17,405 - model_building - DEBUG - Random Forest training completed
2026-01-21 08:55:17,555 - model_building - DEBUG - Evaluation results for Random Forest:
2026-01-21 08:55:17,556 - model_building - DEBUG - Accuracy  : 1.0000
2026-01-21 08:55:17,556 - model_building - DEBUG - Precision : 1.0000
2026-01-21 08:55:17,556 - model_building - DEBUG - Recall    : 1.0000
2026-01-21 08:55:17,556 - model_building - DEBUG - F1 Score  : 1.0000
2026-01-21 08:55:18,927 - model_building - DEBUG - XGBoost training completed
2026-01-21 08:55:18,960 - model_building - DEBUG - Evaluation results for XGBoost:
2026-01-21 08:55:18,960 - model_building - DEBUG - Accuracy  : 1.0000
2026-01-21 08:55:18,961 - model_building - DEBUG - Precision : 1.0000
2026-01-21 08:55:18,961 - model_building - DEBUG - Recall    : 0.9998
2026-01-21 08:55:18,961 - model_building - DEBUG - F1 Score  : 0.9999
2026-01-21 08:55:19,031 - model_building - DEBUG - Model saved at ./models/rainfall_random_forest_model.pkl
2026-01-21 08:55:19,031 - model_building - DEBUG - Random Forest selected as final model
2026-01-21 08:55:19,031 - model_building - DEBUG - Model building pipeline completed successfully
